2025-05-23 16:58:42,503 [Worker-6: Loading available Gradle versions] INFO  o.e.b.c.i.u.g.PublishedGradleVersions - Gradle version information cache is up-to-date. Trying to read.
2025-05-23 17:16:41,245 [Worker-16: Import Getting Started Content] INFO  o.e.m.c.i.l.LifecycleMappingFactory - Using org.eclipse.m2e.jdt.JarLifecycleMapping lifecycle mapping for MavenProject: com.pm:Patient-Services:0.0.1-SNAPSHOT @ C:\Users\Aadi\Documents\workspace-spring-tool-suite-4-4.22.0.RELEASE\Patient Management\Patient-Services\pom.xml.
2025-05-23 17:16:59,929 [Worker-16: Import Getting Started Content] INFO  o.e.m.j.i.AbstractJavaProjectConfigurator - Adding source folder /Patient-Services/src/main/java
2025-05-23 17:16:59,934 [Worker-16: Import Getting Started Content] INFO  o.e.m.j.i.AbstractJavaProjectConfigurator - Adding resource folder /Patient-Services/src/main/resources
2025-05-23 17:16:59,957 [Worker-16: Import Getting Started Content] INFO  o.e.m.j.i.AbstractJavaProjectConfigurator - Adding resource folder /Patient-Services/src/main/resources
2025-05-23 17:16:59,976 [Worker-16: Import Getting Started Content] INFO  o.e.m.j.i.AbstractJavaProjectConfigurator - Adding source folder /Patient-Services/src/test/java
2025-05-23 17:16:59,979 [Worker-16: Import Getting Started Content] INFO  o.e.m.j.i.AbstractJavaProjectConfigurator - Adding resource folder /Patient-Services/src/test/resources
2025-05-23 17:17:12,805 [Worker-16: Import Getting Started Content] INFO  o.e.m.c.i.p.ProjectConfigurationManager - Imported and configured 1 project(s) in 45 sec
2025-05-23 17:17:12,815 [Worker-16: Import Getting Started Content] INFO  o.e.m.c.i.p.ProjectConfigurationManager - Update started
2025-05-23 17:17:13,970 [Worker-16: Import Getting Started Content] INFO  o.e.m.c.i.l.LifecycleMappingFactory - Using org.eclipse.m2e.jdt.JarLifecycleMapping lifecycle mapping for MavenProject: com.pm:Patient-Services:0.0.1-SNAPSHOT @ C:\Users\Aadi\Documents\workspace-spring-tool-suite-4-4.22.0.RELEASE\Patient Management\Patient-Services\pom.xml.
2025-05-23 17:17:16,374 [Worker-16: Import Getting Started Content] INFO  o.e.m.j.i.AbstractJavaProjectConfigurator - Adding source folder /Patient-Services/src/main/java
2025-05-23 17:17:16,376 [Worker-16: Import Getting Started Content] INFO  o.e.m.j.i.AbstractJavaProjectConfigurator - Adding resource folder /Patient-Services/src/main/resources
2025-05-23 17:17:16,380 [Worker-16: Import Getting Started Content] INFO  o.e.m.j.i.AbstractJavaProjectConfigurator - Adding resource folder /Patient-Services/src/main/resources
2025-05-23 17:17:16,382 [Worker-16: Import Getting Started Content] INFO  o.e.m.j.i.AbstractJavaProjectConfigurator - Adding source folder /Patient-Services/src/test/java
2025-05-23 17:17:16,389 [Worker-16: Import Getting Started Content] INFO  o.e.m.j.i.AbstractJavaProjectConfigurator - Adding resource folder /Patient-Services/src/test/resources
2025-05-23 17:17:19,162 [Worker-16: Import Getting Started Content] INFO  o.e.m.c.i.p.ProjectConfigurationManager - Update completed for 1 poms: local refresh takes 0.00 sec, refresh facades takes 3.00 sec, update config takes 1.00 sec 
2025-05-23 17:17:19,312 [Worker-19: Updating Maven Project] INFO  o.e.m.c.i.p.ProjectConfigurationManager - Update started
2025-05-23 17:17:20,458 [Worker-19: Updating Maven Project] INFO  o.e.m.c.i.l.LifecycleMappingFactory - Using org.eclipse.m2e.jdt.JarLifecycleMapping lifecycle mapping for MavenProject: com.pm:Patient-Services:0.0.1-SNAPSHOT @ C:\Users\Aadi\Documents\workspace-spring-tool-suite-4-4.22.0.RELEASE\Patient Management\Patient-Services\pom.xml.
2025-05-23 17:17:22,258 [Worker-19: Updating Maven Project] INFO  o.e.m.j.i.AbstractJavaProjectConfigurator - Adding source folder /Patient-Services/src/main/java
2025-05-23 17:17:22,260 [Worker-19: Updating Maven Project] INFO  o.e.m.j.i.AbstractJavaProjectConfigurator - Adding resource folder /Patient-Services/src/main/resources
2025-05-23 17:17:22,263 [Worker-19: Updating Maven Project] INFO  o.e.m.j.i.AbstractJavaProjectConfigurator - Adding resource folder /Patient-Services/src/main/resources
2025-05-23 17:17:22,266 [Worker-19: Updating Maven Project] INFO  o.e.m.j.i.AbstractJavaProjectConfigurator - Adding source folder /Patient-Services/src/test/java
2025-05-23 17:17:22,267 [Worker-19: Updating Maven Project] INFO  o.e.m.j.i.AbstractJavaProjectConfigurator - Adding resource folder /Patient-Services/src/test/resources
2025-05-23 17:17:23,278 [Worker-19: Updating Maven Project] INFO  o.e.m.c.i.p.ProjectConfigurationManager - Update completed for 1 poms: local refresh takes 0.00 sec, refresh facades takes 2.00 sec, update config takes 0.00 sec 
2025-05-23 17:17:24,471 [Worker-17: Building] INFO  o.a.m.s.f.DefaultMavenResourcesFiltering - Copying 1 resource from src\main\resources to target\classes
2025-05-23 17:17:24,509 [Worker-17: Building] INFO  o.a.m.s.f.DefaultMavenResourcesFiltering - Copying 0 resource from src\main\resources to target\classes
2025-05-23 17:17:24,520 [Worker-17: Building] INFO  o.a.m.s.f.DefaultMavenResourcesFiltering - skip non existing resourceDirectory C:\Users\Aadi\Documents\workspace-spring-tool-suite-4-4.22.0.RELEASE\Patient Management\Patient-Services\src\test\resources
2025-05-23 17:21:57,044 [Worker-7: Loading available Gradle versions] INFO  o.e.b.c.i.u.g.PublishedGradleVersions - Gradle version information cache is up-to-date. Trying to read.
